app/build/intermediates/manifest_merge_blame_file/debug/processDebugMainManifest/manifest-merger-blame-debug-report.txt
1<?xml version="1.0" encoding="utf-8"?>
2<manifest xmlns:android="http://schemas.android.com/apk/res/android"
3    package="com.camellan.tgwsproxy"
4    android:versionCode="1"
5    android:versionName="1.0" >
6
7    <uses-sdk
8        android:minSdkVersion="33"
9        android:targetSdkVersion="35" />
10
11    <uses-permission android:name="android.permission.INTERNET" />
11-->src/main/AndroidManifest.xml:2:5-66
11-->src/main/AndroidManifest.xml:2:22-64
12    <uses-permission android:name="android.permission.FOREGROUND_SERVICE" />
12-->src/main/AndroidManifest.xml:3:5-76
12-->src/main/AndroidManifest.xml:3:22-74
13    <uses-permission android:name="android.permission.FOREGROUND_SERVICE_DATA_SYNC" />
13-->src/main/AndroidManifest.xml:4:5-86
13-->src/main/AndroidManifest.xml:4:22-84
14    <uses-permission android:name="android.permission.POST_NOTIFICATIONS" />
14-->src/main/AndroidManifest.xml:5:5-76
14-->src/main/AndroidManifest.xml:5:22-74
15
16    <application
16-->src/main/AndroidManifest.xml:7:5-25:19
17        android:allowBackup="false"
17-->src/main/AndroidManifest.xml:10:9-36
18        android:debuggable="true"
19        android:extractNativeLibs="false"
20        android:label="TG WS Proxy"
20-->src/main/AndroidManifest.xml:9:9-36
21        android:supportsRtl="true"
21-->src/main/AndroidManifest.xml:11:9-35
22        android:testOnly="true"
23        android:theme="@style/AppTheme" >
23-->src/main/AndroidManifest.xml:8:9-40
24        <activity
24-->src/main/AndroidManifest.xml:12:9-19:20
25            android:name="com.camellan.tgwsproxy.MainActivity"
25-->src/main/AndroidManifest.xml:13:13-41
26            android:exported="true" >
26-->src/main/AndroidManifest.xml:14:13-36
27            <intent-filter>
27-->src/main/AndroidManifest.xml:15:13-18:29
28                <action android:name="android.intent.action.MAIN" />
28-->src/main/AndroidManifest.xml:16:17-68
28-->src/main/AndroidManifest.xml:16:25-66
29
30                <category android:name="android.intent.category.LAUNCHER" />
30-->src/main/AndroidManifest.xml:17:17-76
30-->src/main/AndroidManifest.xml:17:27-74
31            </intent-filter>
32        </activity>
33
34        <service
34-->src/main/AndroidManifest.xml:21:9-24:55
35            android:name="com.camellan.tgwsproxy.ProxyService"
35-->src/main/AndroidManifest.xml:22:13-41
36            android:exported="false"
36-->src/main/AndroidManifest.xml:23:13-37
37            android:foregroundServiceType="dataSync" />
37-->src/main/AndroidManifest.xml:24:13-53
38    </application>
39
40</manifest>